<?xml version="1.0" encoding="UTF-8"?>
<!-- Generated by org.testng.reporters.JUnitReportReporter -->
<testsuite skipped="0" hostname="BA-00006182" name="UinAPITesting.UinAPITesting.PublicAPITesting" tests="1" failures="0" timestamp="2020-09-25T23:23:48 WIB" time="3.698" errors="0">
  <testcase name="userPostHappyPath" time="3.698" classname="UinAPITesting.UinAPITesting.PublicAPITesting"/>
  <system-out/>
</testsuite> <!-- UinAPITesting.UinAPITesting.PublicAPITesting -->
