<?xml version="1.0" encoding="UTF-8"?>
<!-- Generated by org.testng.reporters.JUnitReportReporter -->
<testsuite skipped="0" hostname="BA-00006182" name="UinAPITesting.UinAPITesting.PHPTravelsLogin" tests="1" failures="0" timestamp="2020-09-26T02:06:14 WIB" time="17.592" errors="0">
  <testcase name="LoginTest" time="17.592" classname="UinAPITesting.UinAPITesting.PHPTravelsLogin"/>
  <system-out/>
</testsuite> <!-- UinAPITesting.UinAPITesting.PHPTravelsLogin -->
