<?xml version="1.0" encoding="UTF-8"?>
<!-- Generated by org.testng.reporters.JUnitReportReporter -->
<testsuite skipped="0" hostname="BA-00006182" name="UinAPITesting.UinAPITesting.PHPTravelsLoginTutorial" tests="1" failures="0" timestamp="2020-09-26T01:53:40 WIB" time="21.136" errors="0">
  <testcase name="LoginTest" time="21.136" classname="UinAPITesting.UinAPITesting.PHPTravelsLoginTutorial"/>
  <system-out/>
</testsuite> <!-- UinAPITesting.UinAPITesting.PHPTravelsLoginTutorial -->
